<testsuites id="" name="" tests="3" failures="3" skipped="0" errors="0" time="33.376259000000005">
<testsuite name="file-node.spec.ts" timestamp="2025-08-03T21:26:16.079Z" hostname="chromium" tests="1" failures="1" skipped="0" time="30.293" errors="0">
<testcase name="FileNode Delete Functionality › should have delete button on node and successfully delete node" classname="file-node.spec.ts" time="30.293">
<failure message="file-node.spec.ts:259:3 should have delete button on node and successfully delete node" type="FAILURE">
<![CDATA[  [chromium] › file-node.spec.ts:259:3 › FileNode Delete Functionality › should have delete button on node and successfully delete node 

    Test timeout of 30000ms exceeded.

    Error: locator.click: Test timeout of 30000ms exceeded.
    Call log:
      - waiting for locator('[data-testid^="rf__node-fileNode_"]').first().locator('button[title*="Delete this node"]').or(locator('[data-testid^="rf__node-fileNode_"]').first().locator('button').filter({ hasText: 'delete' })).first()
        - locator resolved to <button title="Delete this node" class="relative z-10 p-1.5 rounded-md transition-colors hover:bg-red-500/20 text-red-400 hover:text-red-300">…</button>
      - attempting click action
        2 × waiting for element to be visible, enabled and stable
          - element is visible, enabled and stable
          - scrolling into view if needed
          - done scrolling
          - <h3 class="text-lg font-semibold text-text-primary">File Selection</h3> from <div class="fixed inset-0 bg-background/80 backdrop-blur-sm z-50 flex items-center justify-center p-4">…</div> subtree intercepts pointer events
        - retrying click action
        - waiting 20ms
        - waiting for element to be visible, enabled and stable
        - element is visible, enabled and stable
        - scrolling into view if needed
        - done scrolling
        - <h3 class="text-lg font-semibold text-text-primary">File Selection</h3> from <div class="fixed inset-0 bg-background/80 backdrop-blur-sm z-50 flex items-center justify-center p-4">…</div> subtree intercepts pointer events
      2 × retrying click action
          - waiting 100ms
          - waiting for element to be visible, enabled and stable
          - element is visible, enabled and stable
          - scrolling into view if needed
          - done scrolling
          - <div class="flex-1 overflow-y-auto p-6 space-y-6">…</div> from <div class="fixed inset-0 bg-background/80 backdrop-blur-sm z-50 flex items-center justify-center p-4">…</div> subtree intercepts pointer events
      11 × retrying click action
           - waiting 500ms
           - waiting for element to be visible, enabled and stable
           - element is visible, enabled and stable
           - scrolling into view if needed
           - done scrolling
           - <h3 class="text-lg font-semibold text-text-primary">File Selection</h3> from <div class="fixed inset-0 bg-background/80 backdrop-blur-sm z-50 flex items-center justify-center p-4">…</div> subtree intercepts pointer events
         - retrying click action
           - waiting 500ms
           - waiting for element to be visible, enabled and stable
           - element is visible, enabled and stable
           - scrolling into view if needed
           - done scrolling
           - <h3 class="text-lg font-semibold text-text-primary">File Selection</h3> from <div class="fixed inset-0 bg-background/80 backdrop-blur-sm z-50 flex items-center justify-center p-4">…</div> subtree intercepts pointer events
         - retrying click action
           - waiting 500ms
           - waiting for element to be visible, enabled and stable
           - element is visible, enabled and stable
           - scrolling into view if needed
           - done scrolling
           - <div class="flex-1 overflow-y-auto p-6 space-y-6">…</div> from <div class="fixed inset-0 bg-background/80 backdrop-blur-sm z-50 flex items-center justify-center p-4">…</div> subtree intercepts pointer events
         - retrying click action
           - waiting 500ms
           - waiting for element to be visible, enabled and stable
           - element is visible, enabled and stable
           - scrolling into view if needed
           - done scrolling
           - <div class="flex-1 overflow-y-auto p-6 space-y-6">…</div> from <div class="fixed inset-0 bg-background/80 backdrop-blur-sm z-50 flex items-center justify-center p-4">…</div> subtree intercepts pointer events
      - retrying click action
        - waiting 500ms
        - waiting for element to be visible, enabled and stable
        - element is visible, enabled and stable
        - scrolling into view if needed
        - done scrolling
        - <h3 class="text-lg font-semibold text-text-primary">File Selection</h3> from <div class="fixed inset-0 bg-background/80 backdrop-blur-sm z-50 flex items-center justify-center p-4">…</div> subtree intercepts pointer events
      - retrying click action
        - waiting 500ms


      273 |     
      274 |     // Click the delete button
    > 275 |     await deleteButton.click();
          |                        ^
      276 |     
      277 |     // Verify node is removed from canvas
      278 |     await expect(fileNode).not.toBeVisible({ timeout: 5000 });
        at /Users/markmiller/workflow-engine/frontend/tests/e2e/file-node.spec.ts:275:24

    attachment #1: screenshot (image/png) ──────────────────────────────────────────────────────────
    ../../test-results/file-node-FileNode-Delete--f2849-nd-successfully-delete-node-chromium/test-failed-1.png
    ────────────────────────────────────────────────────────────────────────────────────────────────

    attachment #2: video (video/webm) ──────────────────────────────────────────────────────────────
    ../../test-results/file-node-FileNode-Delete--f2849-nd-successfully-delete-node-chromium/video.webm
    ────────────────────────────────────────────────────────────────────────────────────────────────

    Error Context: ../../test-results/file-node-FileNode-Delete--f2849-nd-successfully-delete-node-chromium/error-context.md
]]>
</failure>
<system-out>
<![CDATA[
[[ATTACHMENT|file-node-FileNode-Delete--f2849-nd-successfully-delete-node-chromium/test-failed-1.png]]

[[ATTACHMENT|file-node-FileNode-Delete--f2849-nd-successfully-delete-node-chromium/video.webm]]

[[ATTACHMENT|file-node-FileNode-Delete--f2849-nd-successfully-delete-node-chromium/error-context.md]]
]]>
</system-out>
</testcase>
</testsuite>
<testsuite name="file-node.spec.ts" timestamp="2025-08-03T21:26:16.079Z" hostname="firefox" tests="1" failures="1" skipped="0" time="10.07" errors="0">
<testcase name="FileNode Delete Functionality › should have delete button on node and successfully delete node" classname="file-node.spec.ts" time="10.07">
<failure message="file-node.spec.ts:259:3 should have delete button on node and successfully delete node" type="FAILURE">
<![CDATA[  [firefox] › file-node.spec.ts:259:3 › FileNode Delete Functionality › should have delete button on node and successfully delete node 

    Error: Timed out 5000ms waiting for expect(locator).not.toBeVisible()

    Locator: locator('[data-testid^="rf__node-fileNode_"]').first()
    Expected: not visible
    Received: visible
    Call log:
      - Expect "not toBeVisible" with timeout 5000ms
      - waiting for locator('[data-testid^="rf__node-fileNode_"]').first()
        9 × locator resolved to <div tabindex="0" role="button" data-id="fileNode_1754256382409" aria-describedby="react-flow__node-desc-1" data-testid="rf__node-fileNode_1754256382409" class="react-flow__node react-flow__node-fileNode nopan selected selectable">…</div>
          - unexpected value "visible"


      276 |     
      277 |     // Verify node is removed from canvas
    > 278 |     await expect(fileNode).not.toBeVisible({ timeout: 5000 });
          |                                ^
      279 |     
      280 |     // Verify canvas is empty or node count decreased
      281 |     const remainingNodes = page.locator('[data-testid^="rf__node-"]');
        at /Users/markmiller/workflow-engine/frontend/tests/e2e/file-node.spec.ts:278:32

    attachment #1: screenshot (image/png) ──────────────────────────────────────────────────────────
    ../../test-results/file-node-FileNode-Delete--f2849-nd-successfully-delete-node-firefox/test-failed-1.png
    ────────────────────────────────────────────────────────────────────────────────────────────────

    attachment #2: video (video/webm) ──────────────────────────────────────────────────────────────
    ../../test-results/file-node-FileNode-Delete--f2849-nd-successfully-delete-node-firefox/video.webm
    ────────────────────────────────────────────────────────────────────────────────────────────────

    Error Context: ../../test-results/file-node-FileNode-Delete--f2849-nd-successfully-delete-node-firefox/error-context.md
]]>
</failure>
<system-out>
<![CDATA[
[[ATTACHMENT|file-node-FileNode-Delete--f2849-nd-successfully-delete-node-firefox/test-failed-1.png]]

[[ATTACHMENT|file-node-FileNode-Delete--f2849-nd-successfully-delete-node-firefox/video.webm]]

[[ATTACHMENT|file-node-FileNode-Delete--f2849-nd-successfully-delete-node-firefox/error-context.md]]
]]>
</system-out>
</testcase>
</testsuite>
<testsuite name="file-node.spec.ts" timestamp="2025-08-03T21:26:16.079Z" hostname="webkit" tests="1" failures="1" skipped="0" time="10.264" errors="0">
<testcase name="FileNode Delete Functionality › should have delete button on node and successfully delete node" classname="file-node.spec.ts" time="10.264">
<failure message="file-node.spec.ts:259:3 should have delete button on node and successfully delete node" type="FAILURE">
<![CDATA[  [webkit] › file-node.spec.ts:259:3 › FileNode Delete Functionality › should have delete button on node and successfully delete node 

    Error: Timed out 5000ms waiting for expect(locator).not.toBeVisible()

    Locator: locator('[data-testid^="rf__node-fileNode_"]').first()
    Expected: not visible
    Received: visible
    Call log:
      - Expect "not toBeVisible" with timeout 5000ms
      - waiting for locator('[data-testid^="rf__node-fileNode_"]').first()
        9 × locator resolved to <div tabindex="0" role="button" data-id="fileNode_1754247934082" aria-describedby="react-flow__node-desc-1" data-testid="rf__node-fileNode_1754247934082" class="react-flow__node react-flow__node-fileNode nopan selectable">…</div>
          - unexpected value "visible"


      276 |     
      277 |     // Verify node is removed from canvas
    > 278 |     await expect(fileNode).not.toBeVisible({ timeout: 5000 });
          |                                ^
      279 |     
      280 |     // Verify canvas is empty or node count decreased
      281 |     const remainingNodes = page.locator('[data-testid^="rf__node-"]');
        at /Users/markmiller/workflow-engine/frontend/tests/e2e/file-node.spec.ts:278:32

    attachment #1: screenshot (image/png) ──────────────────────────────────────────────────────────
    ../../test-results/file-node-FileNode-Delete--f2849-nd-successfully-delete-node-webkit/test-failed-1.png
    ────────────────────────────────────────────────────────────────────────────────────────────────

    attachment #2: video (video/webm) ──────────────────────────────────────────────────────────────
    ../../test-results/file-node-FileNode-Delete--f2849-nd-successfully-delete-node-webkit/video.webm
    ────────────────────────────────────────────────────────────────────────────────────────────────

    Error Context: ../../test-results/file-node-FileNode-Delete--f2849-nd-successfully-delete-node-webkit/error-context.md
]]>
</failure>
<system-out>
<![CDATA[
[[ATTACHMENT|file-node-FileNode-Delete--f2849-nd-successfully-delete-node-webkit/test-failed-1.png]]

[[ATTACHMENT|file-node-FileNode-Delete--f2849-nd-successfully-delete-node-webkit/video.webm]]

[[ATTACHMENT|file-node-FileNode-Delete--f2849-nd-successfully-delete-node-webkit/error-context.md]]
]]>
</system-out>
</testcase>
</testsuite>
</testsuites>